빌드 시작: 2021-08-19 오후 5:33:56
     1>2 노드의 "D:\work\3.APP_2TEAM\Project\previous\99.GUI\dataGraph_210809_try\serial\serial.vcxproj" 프로젝트(Rebuild 대상)입니다.
     1>ClCompile:
         C:\Program Files (x86)\Microsoft Visual Studio 12.0\VC\bin\CL.exe /c /ZI /nologo /W3 /WX- /sdl /Od /Oy- /D WIN32 /D _WINDOWS /D _DEBUG /D NO_WARN_MBCS_MFC_DEPRECATION /D _CRT_SECURE_NO_WARNINGS /D _MBCS /D _AFXDLL /Gm /EHsc /RTC1 /MDd /GS /fp:precise /Zc:wchar_t /Zc:forScope /Yc"stdafx.h" /Fp"Debug\serial.pch" /Fo"Debug\\" /Fd"Debug\vc120.pdb" /Gd /TP /analyze- /errorReport:prompt stdafx.cpp
         stdafx.cpp
         C:\Program Files (x86)\Microsoft Visual Studio 12.0\VC\bin\CL.exe /c /ZI /nologo /W3 /WX- /sdl /Od /Oy- /D WIN32 /D _WINDOWS /D _DEBUG /D NO_WARN_MBCS_MFC_DEPRECATION /D _CRT_SECURE_NO_WARNINGS /D _MBCS /D _AFXDLL /Gm /EHsc /RTC1 /MDd /GS /fp:precise /Zc:wchar_t /Zc:forScope /Yu"stdafx.h" /Fp"Debug\serial.pch" /Fo"Debug\\" /Fd"Debug\vc120.pdb" /Gd /TP /analyze- /errorReport:prompt Graph.cpp LogManager.cpp MLineChartConfig.cpp MLineChartCtrl.cpp MLineChartData.cpp serial.cpp serialDlg.cpp serial_thread.cpp Utils.cpp
         Utils.cpp
         serial_thread.cpp
         serialDlg.cpp
         serial.cpp
         MLineChartData.cpp
         MLineChartCtrl.cpp
         MLineChartConfig.cpp
         LogManager.cpp
         Graph.cpp
         코드를 생성하고 있습니다...
       ResourceCompile:
         C:\Program Files (x86)\Windows Kits\8.1\bin\x86\rc.exe /D _DEBUG /D _AFXDLL /l"0x0412" /IDebug\ /nologo /fo"Debug\serial.res" serial.rc 
       Link:
         C:\Program Files (x86)\Microsoft Visual Studio 12.0\VC\bin\link.exe /ERRORREPORT:PROMPT /OUT:"D:\work\3.APP_2TEAM\Project\previous\99.GUI\dataGraph_210809_try\Debug\serial.exe" /INCREMENTAL /NOLOGO /MANIFEST /MANIFESTUAC:"level='asInvoker' uiAccess='false'" /manifest:embed /manifestinput:"C:\Program Files (x86)\Microsoft Visual Studio 12.0\VC\Include\Manifest\dpiaware.manifest" /DEBUG /PDB:"D:\work\3.APP_2TEAM\Project\previous\99.GUI\dataGraph_210809_try\Debug\serial.pdb" /SUBSYSTEM:WINDOWS /TLBID:1 /DYNAMICBASE /NXCOMPAT /IMPLIB:"D:\work\3.APP_2TEAM\Project\previous\99.GUI\dataGraph_210809_try\Debug\serial.lib" /MACHINE:X86 Debug\serial.res
         Debug\Graph.obj
         Debug\LogManager.obj
         Debug\MLineChartConfig.obj
         Debug\MLineChartCtrl.obj
         Debug\MLineChartData.obj
         Debug\serial.obj
         Debug\serialDlg.obj
         Debug\serial_thread.obj
         Debug\stdafx.obj
         Debug\Utils.obj
         serial.vcxproj -> D:\work\3.APP_2TEAM\Project\previous\99.GUI\dataGraph_210809_try\Debug\serial.exe
     1>"D:\work\3.APP_2TEAM\Project\previous\99.GUI\dataGraph_210809_try\serial\serial.vcxproj" 프로젝트를 빌드했습니다(Rebuild 대상).

빌드했습니다.

경과 시간: 00:00:04.31
