d:\work\3.app_2team\project\previous\99.gui\datagraph_210809_try\serial\debug\serial.pch
d:\work\3.app_2team\project\previous\99.gui\datagraph_210809_try\serial\debug\vc120.pdb
d:\work\3.app_2team\project\previous\99.gui\datagraph_210809_try\serial\debug\vc120.idb
d:\work\3.app_2team\project\previous\99.gui\datagraph_210809_try\serial\debug\stdafx.obj
d:\work\3.app_2team\project\previous\99.gui\datagraph_210809_try\serial\debug\graph.obj
d:\work\3.app_2team\project\previous\99.gui\datagraph_210809_try\serial\debug\logmanager.obj
d:\work\3.app_2team\project\previous\99.gui\datagraph_210809_try\serial\debug\mlinechartconfig.obj
d:\work\3.app_2team\project\previous\99.gui\datagraph_210809_try\serial\debug\mlinechartctrl.obj
d:\work\3.app_2team\project\previous\99.gui\datagraph_210809_try\serial\debug\mlinechartdata.obj
d:\work\3.app_2team\project\previous\99.gui\datagraph_210809_try\serial\debug\serial.obj
d:\work\3.app_2team\project\previous\99.gui\datagraph_210809_try\serial\debug\serialdlg.obj
d:\work\3.app_2team\project\previous\99.gui\datagraph_210809_try\serial\debug\serial_thread.obj
d:\work\3.app_2team\project\previous\99.gui\datagraph_210809_try\serial\debug\utils.obj
d:\work\3.app_2team\project\previous\99.gui\datagraph_210809_try\debug\serial.ilk
d:\work\3.app_2team\project\previous\99.gui\datagraph_210809_try\debug\serial.exe
d:\work\3.app_2team\project\previous\99.gui\datagraph_210809_try\debug\serial.pdb
d:\work\3.app_2team\project\previous\99.gui\datagraph_210809_try\serial\debug\serial.res
d:\work\3.app_2team\project\previous\99.gui\datagraph_210809_try\serial\debug\serial.tlog\cl.command.1.tlog
d:\work\3.app_2team\project\previous\99.gui\datagraph_210809_try\serial\debug\serial.tlog\cl.read.1.tlog
d:\work\3.app_2team\project\previous\99.gui\datagraph_210809_try\serial\debug\serial.tlog\cl.write.1.tlog
d:\work\3.app_2team\project\previous\99.gui\datagraph_210809_try\serial\debug\serial.tlog\link.command.1.tlog
d:\work\3.app_2team\project\previous\99.gui\datagraph_210809_try\serial\debug\serial.tlog\link.read.1.tlog
d:\work\3.app_2team\project\previous\99.gui\datagraph_210809_try\serial\debug\serial.tlog\link.write.1.tlog
d:\work\3.app_2team\project\previous\99.gui\datagraph_210809_try\serial\debug\serial.tlog\rc.command.1.tlog
d:\work\3.app_2team\project\previous\99.gui\datagraph_210809_try\serial\debug\serial.tlog\rc.read.1.tlog
d:\work\3.app_2team\project\previous\99.gui\datagraph_210809_try\serial\debug\serial.tlog\rc.write.1.tlog
